[08-Oct-2018 21:47:56 UTC] PHP Warning:  Missing argument 1 for yearList(), called in /home/ubuntu/workspace/cst336/practice/zodiac/index.php on line 35 and defined in /home/ubuntu/workspace/cst336/practice/zodiac/index.php on line 3
[08-Oct-2018 21:47:56 UTC] PHP Stack trace:
[08-Oct-2018 21:47:56 UTC] PHP   1. {main}() /home/ubuntu/workspace/cst336/practice/zodiac/index.php:0
[08-Oct-2018 21:47:56 UTC] PHP   2. yearList() /home/ubuntu/workspace/cst336/practice/zodiac/index.php:35
[08-Oct-2018 21:47:56 UTC] PHP Warning:  Missing argument 2 for yearList(), called in /home/ubuntu/workspace/cst336/practice/zodiac/index.php on line 35 and defined in /home/ubuntu/workspace/cst336/practice/zodiac/index.php on line 3
[08-Oct-2018 21:47:56 UTC] PHP Stack trace:
[08-Oct-2018 21:47:56 UTC] PHP   1. {main}() /home/ubuntu/workspace/cst336/practice/zodiac/index.php:0
[08-Oct-2018 21:47:56 UTC] PHP   2. yearList() /home/ubuntu/workspace/cst336/practice/zodiac/index.php:35
[08-Oct-2018 22:18:53 UTC] PHP Parse error:  syntax error, unexpected '$i' (T_VARIABLE), expecting ',' or ';' in /home/ubuntu/workspace/cst336/practice/zodiac/index.php on line 21
[08-Oct-2018 22:19:13 UTC] PHP Parse error:  syntax error, unexpected '$i' (T_VARIABLE), expecting ',' or ';' in /home/ubuntu/workspace/cst336/practice/zodiac/index.php on line 21
[22-Oct-2018 20:06:50 UTC] PHP Warning:  ucfirst() expects parameter 1 to be string, array given in /home/ubuntu/workspace/cst336/practice/midtermPractice/index.php on line 9
[22-Oct-2018 20:06:50 UTC] PHP Stack trace:
[22-Oct-2018 20:06:50 UTC] PHP   1. {main}() /home/ubuntu/workspace/cst336/practice/midtermPractice/index.php:0
[22-Oct-2018 20:06:50 UTC] PHP   2. displayFrenchLocations() /home/ubuntu/workspace/cst336/practice/midtermPractice/index.php:89
[22-Oct-2018 20:06:50 UTC] PHP   3. ucfirst() /home/ubuntu/workspace/cst336/practice/midtermPractice/index.php:9
[22-Oct-2018 20:35:45 UTC] PHP Warning:  Missing argument 1 for displayFrenchLocations(), called in /home/ubuntu/workspace/cst336/practice/midtermPractice/index.php on line 102 and defined in /home/ubuntu/workspace/cst336/practice/midtermPractice/index.php on line 3
[22-Oct-2018 20:35:45 UTC] PHP Stack trace:
[22-Oct-2018 20:35:45 UTC] PHP   1. {main}() /home/ubuntu/workspace/cst336/practice/midtermPractice/index.php:0
[22-Oct-2018 20:35:45 UTC] PHP   2. displayFrenchLocations() /home/ubuntu/workspace/cst336/practice/midtermPractice/index.php:102
[22-Oct-2018 20:35:57 UTC] PHP Warning:  Missing argument 1 for displayFrenchLocations(), called in /home/ubuntu/workspace/cst336/practice/midtermPractice/index.php on line 102 and defined in /home/ubuntu/workspace/cst336/practice/midtermPractice/index.php on line 3
[22-Oct-2018 20:35:57 UTC] PHP Stack trace:
[22-Oct-2018 20:35:57 UTC] PHP   1. {main}() /home/ubuntu/workspace/cst336/practice/midtermPractice/index.php:0
[22-Oct-2018 20:35:57 UTC] PHP   2. displayFrenchLocations() /home/ubuntu/workspace/cst336/practice/midtermPractice/index.php:102
[29-Oct-2018 20:03:48 UTC] PHP Fatal error:  Uncaught exception 'PDOException' with message 'SQLSTATE[42000]: Syntax error or access violation: 1065 Query was empty' in /home/ubuntu/workspace/cst336/practice/p7/index.php:11
Stack trace:
#0 /home/ubuntu/workspace/cst336/practice/p7/index.php(11): PDOStatement->execute()
#1 /home/ubuntu/workspace/cst336/practice/p7/index.php(41): displayCategories()
#2 {main}
  thrown in /home/ubuntu/workspace/cst336/practice/p7/index.php on line 11
[29-Oct-2018 20:04:09 UTC] PHP Fatal error:  Uncaught exception 'PDOException' with message 'SQLSTATE[42000]: Syntax error or access violation: 1065 Query was empty' in /home/ubuntu/workspace/cst336/practice/p7/index.php:11
Stack trace:
#0 /home/ubuntu/workspace/cst336/practice/p7/index.php(11): PDOStatement->execute()
#1 /home/ubuntu/workspace/cst336/practice/p7/index.php(41): displayCategories()
#2 {main}
  thrown in /home/ubuntu/workspace/cst336/practice/p7/index.php on line 11
[29-Oct-2018 20:07:59 UTC] PHP Fatal error:  Uncaught exception 'PDOException' with message 'SQLSTATE[42000]: Syntax error or access violation: 1065 Query was empty' in /home/ubuntu/workspace/cst336/practice/p7/index.php:9
Stack trace:
#0 /home/ubuntu/workspace/cst336/practice/p7/index.php(9): PDOStatement->execute()
#1 {main}
  thrown in /home/ubuntu/workspace/cst336/practice/p7/index.php on line 9
[29-Oct-2018 20:08:52 UTC] PHP Warning:  Invalid argument supplied for foreach() in /home/ubuntu/workspace/cst336/practice/p7/index.php on line 17
[29-Oct-2018 20:08:52 UTC] PHP Stack trace:
[29-Oct-2018 20:08:52 UTC] PHP   1. {main}() /home/ubuntu/workspace/cst336/practice/p7/index.php:0
[29-Oct-2018 20:14:18 UTC] PHP Warning:  include(../inc/dbConnection.php): failed to open stream: No such file or directory in /home/ubuntu/workspace/cst336/practice/p7/index.php on line 2
[29-Oct-2018 20:14:18 UTC] PHP Stack trace:
[29-Oct-2018 20:14:18 UTC] PHP   1. {main}() /home/ubuntu/workspace/cst336/practice/p7/index.php:0
[29-Oct-2018 20:14:18 UTC] PHP Warning:  include(): Failed opening '../inc/dbConnection.php' for inclusion (include_path='.:/usr/share/php:/usr/share/pear') in /home/ubuntu/workspace/cst336/practice/p7/index.php on line 2
[29-Oct-2018 20:14:18 UTC] PHP Stack trace:
[29-Oct-2018 20:14:18 UTC] PHP   1. {main}() /home/ubuntu/workspace/cst336/practice/p7/index.php:0
[29-Oct-2018 20:14:18 UTC] PHP Fatal error:  Call to undefined function startConnection() in /home/ubuntu/workspace/cst336/practice/p7/index.php on line 4
[29-Oct-2018 20:14:18 UTC] PHP Stack trace:
[29-Oct-2018 20:14:18 UTC] PHP   1. {main}() /home/ubuntu/workspace/cst336/practice/p7/index.php:0
