[14-Oct-2018 22:12:02 UTC] PHP Parse error:  syntax error, unexpected 'if' (T_IF) in /home/ubuntu/workspace/cst336/HW/HW3/index.php on line 51
[14-Oct-2018 22:12:12 UTC] PHP Parse error:  syntax error, unexpected 'if' (T_IF) in /home/ubuntu/workspace/cst336/HW/HW3/index.php on line 51
[15-Oct-2018 23:52:49 UTC] PHP Parse error:  syntax error, unexpected '}', expecting '(' in /home/ubuntu/workspace/cst336/HW/HW3/index.php on line 5
[16-Oct-2018 00:00:05 UTC] PHP Parse error:  syntax error, unexpected ')' in /home/ubuntu/workspace/cst336/HW/HW3/index.php on line 58
[16-Oct-2018 00:00:19 UTC] PHP Parse error:  syntax error, unexpected ')' in /home/ubuntu/workspace/cst336/HW/HW3/index.php on line 58
[16-Oct-2018 00:07:55 UTC] PHP Parse error:  syntax error, unexpected '==' (T_IS_EQUAL), expecting '(' in /home/ubuntu/workspace/cst336/HW/HW3/index.php on line 102
[16-Oct-2018 00:08:19 UTC] PHP Parse error:  syntax error, unexpected '$_GET' (T_VARIABLE), expecting '(' in /home/ubuntu/workspace/cst336/HW/HW3/index.php on line 102
[16-Oct-2018 00:08:45 UTC] PHP Parse error:  syntax error, unexpected '$_GET' (T_VARIABLE), expecting '(' in /home/ubuntu/workspace/cst336/HW/HW3/index.php on line 102
[16-Oct-2018 00:09:00 UTC] PHP Parse error:  syntax error, unexpected '$_GET' (T_VARIABLE), expecting '(' in /home/ubuntu/workspace/cst336/HW/HW3/index.php on line 102
[16-Oct-2018 00:09:07 UTC] PHP Parse error:  syntax error, unexpected '$_GET' (T_VARIABLE), expecting '(' in /home/ubuntu/workspace/cst336/HW/HW3/index.php on line 102
[16-Oct-2018 23:01:40 UTC] PHP Parse error:  syntax error, unexpected '}', expecting ',' or ';' in /home/ubuntu/workspace/cst336/HW/HW3/index.php on line 116
[16-Oct-2018 23:33:02 UTC] PHP Parse error:  syntax error, unexpected end of file in /home/ubuntu/workspace/cst336/HW/HW3/index.php on line 190
[16-Oct-2018 23:33:47 UTC] PHP Parse error:  syntax error, unexpected end of file in /home/ubuntu/workspace/cst336/HW/HW3/index.php on line 190
[16-Oct-2018 23:33:48 UTC] PHP Parse error:  syntax error, unexpected end of file in /home/ubuntu/workspace/cst336/HW/HW3/index.php on line 190
[16-Oct-2018 23:34:22 UTC] PHP Parse error:  syntax error, unexpected end of file in /home/ubuntu/workspace/cst336/HW/HW3/index.php on line 190
[16-Oct-2018 23:34:22 UTC] PHP Parse error:  syntax error, unexpected end of file in /home/ubuntu/workspace/cst336/HW/HW3/index.php on line 190
[16-Oct-2018 23:34:23 UTC] PHP Parse error:  syntax error, unexpected end of file in /home/ubuntu/workspace/cst336/HW/HW3/index.php on line 190
[16-Oct-2018 23:35:21 UTC] PHP Parse error:  syntax error, unexpected end of file in /home/ubuntu/workspace/cst336/HW/HW3/index.php on line 184
[16-Oct-2018 23:35:59 UTC] PHP Parse error:  syntax error, unexpected end of file in /home/ubuntu/workspace/cst336/HW/HW3/index.php on line 183
[17-Oct-2018 03:59:38 UTC] PHP Parse error:  syntax error, unexpected end of file in /home/ubuntu/workspace/cst336/HW/HW3/index.php on line 197
[17-Oct-2018 04:15:56 UTC] PHP Parse error:  syntax error, unexpected end of file in /home/ubuntu/workspace/cst336/HW/HW3/index.php on line 208
[17-Oct-2018 04:15:57 UTC] PHP Parse error:  syntax error, unexpected end of file in /home/ubuntu/workspace/cst336/HW/HW3/index.php on line 208
[17-Oct-2018 04:24:13 UTC] PHP Parse error:  syntax error, unexpected ')' in /home/ubuntu/workspace/cst336/HW/HW3/index.php on line 12
[17-Oct-2018 23:56:18 UTC] PHP Parse error:  syntax error, unexpected end of file in /home/ubuntu/workspace/cst336/HW/HW3/index.php on line 211
[17-Oct-2018 23:56:53 UTC] PHP Parse error:  syntax error, unexpected end of file in /home/ubuntu/workspace/cst336/HW/HW3/index.php on line 211
[17-Oct-2018 23:59:56 UTC] PHP Parse error:  syntax error, unexpected end of file in /home/ubuntu/workspace/cst336/HW/HW3/index.php on line 211
[18-Oct-2018 00:01:39 UTC] PHP Parse error:  syntax error, unexpected end of file in /home/ubuntu/workspace/cst336/HW/HW3/index.php on line 211
[18-Oct-2018 00:01:40 UTC] PHP Parse error:  syntax error, unexpected end of file in /home/ubuntu/workspace/cst336/HW/HW3/index.php on line 211
[18-Oct-2018 00:02:33 UTC] PHP Parse error:  syntax error, unexpected end of file in /home/ubuntu/workspace/cst336/HW/HW3/index.php on line 211
[18-Oct-2018 00:03:12 UTC] PHP Parse error:  syntax error, unexpected end of file in /home/ubuntu/workspace/cst336/HW/HW3/index.php on line 211
[18-Oct-2018 00:03:35 UTC] PHP Parse error:  syntax error, unexpected '}' in /home/ubuntu/workspace/cst336/HW/HW3/index.php on line 65
