[08-Dec-2018 20:36:36 UTC] PHP Warning:  include(../api/inc/dbConnection.php): failed to open stream: No such file or directory in /home/ubuntu/workspace/cst336/finalproject/api/getCarinfo.php on line 2
[08-Dec-2018 20:36:36 UTC] PHP Stack trace:
[08-Dec-2018 20:36:36 UTC] PHP   1. {main}() /home/ubuntu/workspace/cst336/finalproject/api/getCarinfo.php:0
[08-Dec-2018 20:36:36 UTC] PHP Warning:  include(): Failed opening '../api/inc/dbConnection.php' for inclusion (include_path='.:/usr/share/php:/usr/share/pear') in /home/ubuntu/workspace/cst336/finalproject/api/getCarinfo.php on line 2
[08-Dec-2018 20:36:36 UTC] PHP Stack trace:
[08-Dec-2018 20:36:36 UTC] PHP   1. {main}() /home/ubuntu/workspace/cst336/finalproject/api/getCarinfo.php:0
[08-Dec-2018 20:36:36 UTC] PHP Fatal error:  Call to undefined function startConnection() in /home/ubuntu/workspace/cst336/finalproject/api/getCarinfo.php on line 3
[08-Dec-2018 20:36:36 UTC] PHP Stack trace:
[08-Dec-2018 20:36:36 UTC] PHP   1. {main}() /home/ubuntu/workspace/cst336/finalproject/api/getCarinfo.php:0
[08-Dec-2018 20:36:55 UTC] PHP Warning:  include(../../../inc/dbConnection.php): failed to open stream: No such file or directory in /home/ubuntu/workspace/cst336/finalproject/api/getCarinfo.php on line 2
[08-Dec-2018 20:36:55 UTC] PHP Stack trace:
[08-Dec-2018 20:36:55 UTC] PHP   1. {main}() /home/ubuntu/workspace/cst336/finalproject/api/getCarinfo.php:0
[08-Dec-2018 20:36:55 UTC] PHP Warning:  include(): Failed opening '../../../inc/dbConnection.php' for inclusion (include_path='.:/usr/share/php:/usr/share/pear') in /home/ubuntu/workspace/cst336/finalproject/api/getCarinfo.php on line 2
[08-Dec-2018 20:36:55 UTC] PHP Stack trace:
[08-Dec-2018 20:36:55 UTC] PHP   1. {main}() /home/ubuntu/workspace/cst336/finalproject/api/getCarinfo.php:0
[08-Dec-2018 20:36:55 UTC] PHP Fatal error:  Call to undefined function startConnection() in /home/ubuntu/workspace/cst336/finalproject/api/getCarinfo.php on line 3
[08-Dec-2018 20:36:55 UTC] PHP Stack trace:
[08-Dec-2018 20:36:55 UTC] PHP   1. {main}() /home/ubuntu/workspace/cst336/finalproject/api/getCarinfo.php:0
[08-Dec-2018 20:38:25 UTC] PHP Warning:  include(../../../inc/dbConnection.php): failed to open stream: No such file or directory in /home/ubuntu/workspace/cst336/finalproject/api/getCarinfo.php on line 2
[08-Dec-2018 20:38:25 UTC] PHP Stack trace:
[08-Dec-2018 20:38:25 UTC] PHP   1. {main}() /home/ubuntu/workspace/cst336/finalproject/api/getCarinfo.php:0
[08-Dec-2018 20:38:25 UTC] PHP Warning:  include(): Failed opening '../../../inc/dbConnection.php' for inclusion (include_path='.:/usr/share/php:/usr/share/pear') in /home/ubuntu/workspace/cst336/finalproject/api/getCarinfo.php on line 2
[08-Dec-2018 20:38:25 UTC] PHP Stack trace:
[08-Dec-2018 20:38:25 UTC] PHP   1. {main}() /home/ubuntu/workspace/cst336/finalproject/api/getCarinfo.php:0
[08-Dec-2018 20:38:25 UTC] PHP Fatal error:  Call to undefined function startConnection() in /home/ubuntu/workspace/cst336/finalproject/api/getCarinfo.php on line 3
[08-Dec-2018 20:38:25 UTC] PHP Stack trace:
[08-Dec-2018 20:38:25 UTC] PHP   1. {main}() /home/ubuntu/workspace/cst336/finalproject/api/getCarinfo.php:0
[08-Dec-2018 20:43:59 UTC] PHP Warning:  include(/inc/dbConnection.php): failed to open stream: No such file or directory in /home/ubuntu/workspace/cst336/finalproject/api/getCarinfo.php on line 2
[08-Dec-2018 20:43:59 UTC] PHP Stack trace:
[08-Dec-2018 20:43:59 UTC] PHP   1. {main}() /home/ubuntu/workspace/cst336/finalproject/api/getCarinfo.php:0
[08-Dec-2018 20:43:59 UTC] PHP Warning:  include(): Failed opening '/inc/dbConnection.php' for inclusion (include_path='.:/usr/share/php:/usr/share/pear') in /home/ubuntu/workspace/cst336/finalproject/api/getCarinfo.php on line 2
[08-Dec-2018 20:43:59 UTC] PHP Stack trace:
[08-Dec-2018 20:43:59 UTC] PHP   1. {main}() /home/ubuntu/workspace/cst336/finalproject/api/getCarinfo.php:0
[08-Dec-2018 20:43:59 UTC] PHP Fatal error:  Call to undefined function startConnection() in /home/ubuntu/workspace/cst336/finalproject/api/getCarinfo.php on line 3
[08-Dec-2018 20:43:59 UTC] PHP Stack trace:
[08-Dec-2018 20:43:59 UTC] PHP   1. {main}() /home/ubuntu/workspace/cst336/finalproject/api/getCarinfo.php:0
[08-Dec-2018 20:46:02 UTC] PHP Fatal error:  Uncaught exception 'PDOException' with message 'SQLSTATE[42000]: Syntax error or access violation: 1064 You have an error in your SQL syntax; check the manual that corresponds to your MySQL server version for the right syntax to use near '' at line 1' in /home/ubuntu/workspace/cst336/finalproject/api/getCarinfo.php:7
Stack trace:
#0 /home/ubuntu/workspace/cst336/finalproject/api/getCarinfo.php(7): PDOStatement->execute()
#1 {main}
  thrown in /home/ubuntu/workspace/cst336/finalproject/api/getCarinfo.php on line 7
[08-Dec-2018 20:46:41 UTC] PHP Fatal error:  Uncaught exception 'PDOException' with message 'SQLSTATE[42000]: Syntax error or access violation: 1064 You have an error in your SQL syntax; check the manual that corresponds to your MySQL server version for the right syntax to use near '' at line 1' in /home/ubuntu/workspace/cst336/finalproject/api/getCarinfo.php:7
Stack trace:
#0 /home/ubuntu/workspace/cst336/finalproject/api/getCarinfo.php(7): PDOStatement->execute()
#1 {main}
  thrown in /home/ubuntu/workspace/cst336/finalproject/api/getCarinfo.php on line 7
[08-Dec-2018 20:46:44 UTC] PHP Fatal error:  Uncaught exception 'PDOException' with message 'SQLSTATE[42000]: Syntax error or access violation: 1064 You have an error in your SQL syntax; check the manual that corresponds to your MySQL server version for the right syntax to use near '' at line 1' in /home/ubuntu/workspace/cst336/finalproject/api/getCarinfo.php:7
Stack trace:
#0 /home/ubuntu/workspace/cst336/finalproject/api/getCarinfo.php(7): PDOStatement->execute()
#1 {main}
  thrown in /home/ubuntu/workspace/cst336/finalproject/api/getCarinfo.php on line 7
[08-Dec-2018 20:46:45 UTC] PHP Fatal error:  Uncaught exception 'PDOException' with message 'SQLSTATE[42000]: Syntax error or access violation: 1064 You have an error in your SQL syntax; check the manual that corresponds to your MySQL server version for the right syntax to use near '' at line 1' in /home/ubuntu/workspace/cst336/finalproject/api/getCarinfo.php:7
Stack trace:
#0 /home/ubuntu/workspace/cst336/finalproject/api/getCarinfo.php(7): PDOStatement->execute()
#1 {main}
  thrown in /home/ubuntu/workspace/cst336/finalproject/api/getCarinfo.php on line 7
[08-Dec-2018 20:47:03 UTC] PHP Fatal error:  Uncaught exception 'PDOException' with message 'SQLSTATE[42000]: Syntax error or access violation: 1064 You have an error in your SQL syntax; check the manual that corresponds to your MySQL server version for the right syntax to use near '' at line 1' in /home/ubuntu/workspace/cst336/finalproject/api/getCarinfo.php:7
Stack trace:
#0 /home/ubuntu/workspace/cst336/finalproject/api/getCarinfo.php(7): PDOStatement->execute()
#1 {main}
  thrown in /home/ubuntu/workspace/cst336/finalproject/api/getCarinfo.php on line 7
[08-Dec-2018 20:47:05 UTC] PHP Fatal error:  Uncaught exception 'PDOException' with message 'SQLSTATE[42000]: Syntax error or access violation: 1064 You have an error in your SQL syntax; check the manual that corresponds to your MySQL server version for the right syntax to use near '' at line 1' in /home/ubuntu/workspace/cst336/finalproject/api/getCarinfo.php:7
Stack trace:
#0 /home/ubuntu/workspace/cst336/finalproject/api/getCarinfo.php(7): PDOStatement->execute()
#1 {main}
  thrown in /home/ubuntu/workspace/cst336/finalproject/api/getCarinfo.php on line 7
[08-Dec-2018 20:47:29 UTC] PHP Fatal error:  Uncaught exception 'PDOException' with message 'SQLSTATE[42000]: Syntax error or access violation: 1064 You have an error in your SQL syntax; check the manual that corresponds to your MySQL server version for the right syntax to use near '' at line 1' in /home/ubuntu/workspace/cst336/finalproject/api/getCarinfo.php:7
Stack trace:
#0 /home/ubuntu/workspace/cst336/finalproject/api/getCarinfo.php(7): PDOStatement->execute()
#1 {main}
  thrown in /home/ubuntu/workspace/cst336/finalproject/api/getCarinfo.php on line 7
[08-Dec-2018 20:47:37 UTC] PHP Fatal error:  Uncaught exception 'PDOException' with message 'SQLSTATE[42000]: Syntax error or access violation: 1064 You have an error in your SQL syntax; check the manual that corresponds to your MySQL server version for the right syntax to use near '' at line 1' in /home/ubuntu/workspace/cst336/finalproject/api/getCarinfo.php:7
Stack trace:
#0 /home/ubuntu/workspace/cst336/finalproject/api/getCarinfo.php(7): PDOStatement->execute()
#1 {main}
  thrown in /home/ubuntu/workspace/cst336/finalproject/api/getCarinfo.php on line 7
[08-Dec-2018 20:48:35 UTC] PHP Fatal error:  Uncaught exception 'PDOException' with message 'SQLSTATE[42000]: Syntax error or access violation: 1064 You have an error in your SQL syntax; check the manual that corresponds to your MySQL server version for the right syntax to use near '' at line 1' in /home/ubuntu/workspace/cst336/finalproject/api/getCarinfo.php:7
Stack trace:
#0 /home/ubuntu/workspace/cst336/finalproject/api/getCarinfo.php(7): PDOStatement->execute()
#1 {main}
  thrown in /home/ubuntu/workspace/cst336/finalproject/api/getCarinfo.php on line 7
[08-Dec-2018 20:48:48 UTC] PHP Warning:  include(../../../inc/dbConnection.php): failed to open stream: No such file or directory in /home/ubuntu/workspace/cst336/finalproject/api/getCarinfo.php on line 2
[08-Dec-2018 20:48:48 UTC] PHP Stack trace:
[08-Dec-2018 20:48:48 UTC] PHP   1. {main}() /home/ubuntu/workspace/cst336/finalproject/api/getCarinfo.php:0
[08-Dec-2018 20:48:48 UTC] PHP Warning:  include(): Failed opening '../../../inc/dbConnection.php' for inclusion (include_path='.:/usr/share/php:/usr/share/pear') in /home/ubuntu/workspace/cst336/finalproject/api/getCarinfo.php on line 2
[08-Dec-2018 20:48:48 UTC] PHP Stack trace:
[08-Dec-2018 20:48:48 UTC] PHP   1. {main}() /home/ubuntu/workspace/cst336/finalproject/api/getCarinfo.php:0
[08-Dec-2018 20:48:48 UTC] PHP Fatal error:  Call to undefined function startConnection() in /home/ubuntu/workspace/cst336/finalproject/api/getCarinfo.php on line 3
[08-Dec-2018 20:48:48 UTC] PHP Stack trace:
[08-Dec-2018 20:48:48 UTC] PHP   1. {main}() /home/ubuntu/workspace/cst336/finalproject/api/getCarinfo.php:0
[08-Dec-2018 20:48:57 UTC] PHP Warning:  include(/inc/dbConnection.php): failed to open stream: No such file or directory in /home/ubuntu/workspace/cst336/finalproject/api/getCarinfo.php on line 2
[08-Dec-2018 20:48:57 UTC] PHP Stack trace:
[08-Dec-2018 20:48:57 UTC] PHP   1. {main}() /home/ubuntu/workspace/cst336/finalproject/api/getCarinfo.php:0
[08-Dec-2018 20:48:57 UTC] PHP Warning:  include(): Failed opening '/inc/dbConnection.php' for inclusion (include_path='.:/usr/share/php:/usr/share/pear') in /home/ubuntu/workspace/cst336/finalproject/api/getCarinfo.php on line 2
[08-Dec-2018 20:48:57 UTC] PHP Stack trace:
[08-Dec-2018 20:48:57 UTC] PHP   1. {main}() /home/ubuntu/workspace/cst336/finalproject/api/getCarinfo.php:0
[08-Dec-2018 20:48:57 UTC] PHP Fatal error:  Call to undefined function startConnection() in /home/ubuntu/workspace/cst336/finalproject/api/getCarinfo.php on line 3
[08-Dec-2018 20:48:57 UTC] PHP Stack trace:
[08-Dec-2018 20:48:57 UTC] PHP   1. {main}() /home/ubuntu/workspace/cst336/finalproject/api/getCarinfo.php:0
[08-Dec-2018 20:49:04 UTC] PHP Fatal error:  Uncaught exception 'PDOException' with message 'SQLSTATE[42000]: Syntax error or access violation: 1064 You have an error in your SQL syntax; check the manual that corresponds to your MySQL server version for the right syntax to use near '' at line 1' in /home/ubuntu/workspace/cst336/finalproject/api/getCarinfo.php:7
Stack trace:
#0 /home/ubuntu/workspace/cst336/finalproject/api/getCarinfo.php(7): PDOStatement->execute()
#1 {main}
  thrown in /home/ubuntu/workspace/cst336/finalproject/api/getCarinfo.php on line 7
[08-Dec-2018 20:49:54 UTC] PHP Fatal error:  Uncaught exception 'PDOException' with message 'SQLSTATE[42000]: Syntax error or access violation: 1064 You have an error in your SQL syntax; check the manual that corresponds to your MySQL server version for the right syntax to use near '' at line 1' in /home/ubuntu/workspace/cst336/finalproject/api/getCarinfo.php:7
Stack trace:
#0 /home/ubuntu/workspace/cst336/finalproject/api/getCarinfo.php(7): PDOStatement->execute()
#1 {main}
  thrown in /home/ubuntu/workspace/cst336/finalproject/api/getCarinfo.php on line 7
[08-Dec-2018 20:50:19 UTC] PHP Fatal error:  Uncaught exception 'PDOException' with message 'SQLSTATE[42000]: Syntax error or access violation: 1064 You have an error in your SQL syntax; check the manual that corresponds to your MySQL server version for the right syntax to use near '' at line 1' in /home/ubuntu/workspace/cst336/finalproject/api/getCarinfo.php:7
Stack trace:
#0 /home/ubuntu/workspace/cst336/finalproject/api/getCarinfo.php(7): PDOStatement->execute()
#1 {main}
  thrown in /home/ubuntu/workspace/cst336/finalproject/api/getCarinfo.php on line 7
[08-Dec-2018 20:50:22 UTC] PHP Fatal error:  Uncaught exception 'PDOException' with message 'SQLSTATE[42000]: Syntax error or access violation: 1064 You have an error in your SQL syntax; check the manual that corresponds to your MySQL server version for the right syntax to use near '' at line 1' in /home/ubuntu/workspace/cst336/finalproject/api/getCarinfo.php:7
Stack trace:
#0 /home/ubuntu/workspace/cst336/finalproject/api/getCarinfo.php(7): PDOStatement->execute()
#1 {main}
  thrown in /home/ubuntu/workspace/cst336/finalproject/api/getCarinfo.php on line 7
[11-Dec-2018 01:21:58 UTC] PHP Fatal error:  Uncaught exception 'PDOException' with message 'SQLSTATE[42000]: Syntax error or access violation: 1064 You have an error in your SQL syntax; check the manual that corresponds to your MySQL server version for the right syntax to use near '' at line 1' in /home/ubuntu/workspace/cst336/finalproject/api/getCarinfo.php:7
Stack trace:
#0 /home/ubuntu/workspace/cst336/finalproject/api/getCarinfo.php(7): PDOStatement->execute()
#1 {main}
  thrown in /home/ubuntu/workspace/cst336/finalproject/api/getCarinfo.php on line 7
[11-Dec-2018 01:33:33 UTC] PHP Warning:  include(functions/functions.php): failed to open stream: No such file or directory in /home/ubuntu/workspace/cst336/finalproject/api/aggragates.php on line 4
[11-Dec-2018 01:33:33 UTC] PHP Stack trace:
[11-Dec-2018 01:33:33 UTC] PHP   1. {main}() /home/ubuntu/workspace/cst336/finalproject/api/aggragates.php:0
[11-Dec-2018 01:33:33 UTC] PHP Warning:  include(): Failed opening 'functions/functions.php' for inclusion (include_path='.:/usr/share/php:/usr/share/pear') in /home/ubuntu/workspace/cst336/finalproject/api/aggragates.php on line 4
[11-Dec-2018 01:33:33 UTC] PHP Stack trace:
[11-Dec-2018 01:33:33 UTC] PHP   1. {main}() /home/ubuntu/workspace/cst336/finalproject/api/aggragates.php:0
[12-Dec-2018 05:09:43 UTC] PHP Fatal error:  Uncaught exception 'PDOException' with message 'SQLSTATE[42000]: Syntax error or access violation: 1064 You have an error in your SQL syntax; check the manual that corresponds to your MySQL server version for the right syntax to use near '' at line 1' in /home/ubuntu/workspace/cst336/finalproject/api/expCar.php:7
Stack trace:
#0 /home/ubuntu/workspace/cst336/finalproject/api/expCar.php(7): PDOStatement->execute()
#1 {main}
  thrown in /home/ubuntu/workspace/cst336/finalproject/api/expCar.php on line 7
[12-Dec-2018 05:10:58 UTC] PHP Fatal error:  Uncaught exception 'PDOException' with message 'SQLSTATE[42000]: Syntax error or access violation: 1064 You have an error in your SQL syntax; check the manual that corresponds to your MySQL server version for the right syntax to use near '' at line 1' in /home/ubuntu/workspace/cst336/finalproject/api/expCar.php:6
Stack trace:
#0 /home/ubuntu/workspace/cst336/finalproject/api/expCar.php(6): PDOStatement->execute()
#1 {main}
  thrown in /home/ubuntu/workspace/cst336/finalproject/api/expCar.php on line 6
[12-Dec-2018 05:11:09 UTC] PHP Fatal error:  Uncaught exception 'PDOException' with message 'SQLSTATE[42000]: Syntax error or access violation: 1064 You have an error in your SQL syntax; check the manual that corresponds to your MySQL server version for the right syntax to use near '' at line 1' in /home/ubuntu/workspace/cst336/finalproject/api/expCar.php:6
Stack trace:
#0 /home/ubuntu/workspace/cst336/finalproject/api/expCar.php(6): PDOStatement->execute()
#1 {main}
  thrown in /home/ubuntu/workspace/cst336/finalproject/api/expCar.php on line 6
[12-Dec-2018 05:14:31 UTC] PHP Fatal error:  Uncaught exception 'PDOException' with message 'SQLSTATE[42000]: Syntax error or access violation: 1248 Every derived table must have its own alias' in /home/ubuntu/workspace/cst336/finalproject/api/expCar.php:7
Stack trace:
#0 /home/ubuntu/workspace/cst336/finalproject/api/expCar.php(7): PDOStatement->execute()
#1 {main}
  thrown in /home/ubuntu/workspace/cst336/finalproject/api/expCar.php on line 7
[12-Dec-2018 05:15:06 UTC] PHP Fatal error:  Uncaught exception 'PDOException' with message 'SQLSTATE[42000]: Syntax error or access violation: 1064 You have an error in your SQL syntax; check the manual that corresponds to your MySQL server version for the right syntax to use near 'SELECT MAX(price) AS expensive FROM allcars)' at line 1' in /home/ubuntu/workspace/cst336/finalproject/api/expCar.php:7
Stack trace:
#0 /home/ubuntu/workspace/cst336/finalproject/api/expCar.php(7): PDOStatement->execute()
#1 {main}
  thrown in /home/ubuntu/workspace/cst336/finalproject/api/expCar.php on line 7
[12-Dec-2018 05:15:13 UTC] PHP Fatal error:  Uncaught exception 'PDOException' with message 'SQLSTATE[42000]: Syntax error or access violation: 1064 You have an error in your SQL syntax; check the manual that corresponds to your MySQL server version for the right syntax to use near ')' at line 1' in /home/ubuntu/workspace/cst336/finalproject/api/expCar.php:7
Stack trace:
#0 /home/ubuntu/workspace/cst336/finalproject/api/expCar.php(7): PDOStatement->execute()
#1 {main}
  thrown in /home/ubuntu/workspace/cst336/finalproject/api/expCar.php on line 7
[12-Dec-2018 05:21:49 UTC] PHP Fatal error:  Uncaught exception 'PDOException' with message 'SQLSTATE[HY000]: General error: 1111 Invalid use of group function' in /home/ubuntu/workspace/cst336/finalproject/api/expCar.php:7
Stack trace:
#0 /home/ubuntu/workspace/cst336/finalproject/api/expCar.php(7): PDOStatement->execute()
#1 {main}
  thrown in /home/ubuntu/workspace/cst336/finalproject/api/expCar.php on line 7
